<?xml version="1.0" encoding="UTF-8"?>
<!-- Generated by org.testng.reporters.JUnitReportReporter -->
<testsuite hostname="Nanda" failures="0" tests="3" name="SingletonSelenium.Apptest" time="7.974" errors="0" timestamp="2024-07-11T13:13:16 IST" skipped="0">
  <testcase classname="SingletonSelenium.Apptest" name="testGoogle" time="1.784"/>
  <testcase classname="SingletonSelenium.Apptest" name="testGoogle" time="3.022"/>
  <testcase classname="SingletonSelenium.Apptest" name="testGoogle" time="3.168"/>
</testsuite> <!-- SingletonSelenium.Apptest -->
